<?xml version="1.0" encoding="UTF-8" ?>
<testsuite errors="1" failures="0" hostname="fabio-Lenovo-V15-ADA" name="com.allendowney.javacs.MyArrayListTest" skipped="0" tests="1" time="0.0" timestamp="2023-11-22T11:36:35">
  <properties>
[...]
</properties>
  <error message="com.allendowney.javacs.MyArrayListTest" type="java.lang.ClassNotFoundException">java.lang.ClassNotFoundException: com.allendowney.javacs.MyArrayListTest
	at java.base/jdk.internal.loader.BuiltinClassLoader.loadClass(BuiltinClassLoader.java:641)
	at java.base/jdk.internal.loader.ClassLoaders$AppClassLoader.loadClass(ClassLoaders.java:188)
	at java.base/java.lang.ClassLoader.loadClass(ClassLoader.java:525)
	at java.base/java.lang.Class.forName0(Native Method)
	at java.base/java.lang.Class.forName(Class.java:375)
</error>
  <system-out><![CDATA[]]></system-out>
  <system-err><![CDATA[]]></system-err>
</testsuite>
